                                      1 ;--------------------------------------------------------
                                      2 ; File Created by SDCC : free open source ANSI-C Compiler
                                      3 ; Version 4.2.0 #13081 (Linux)
                                      4 ;--------------------------------------------------------
                                      5 	.module word_funcs
                                      6 	.optsdcc -mmcs51 --model-small
                                      7 	
                                      8 ;--------------------------------------------------------
                                      9 ; Public variables in this module
                                     10 ;--------------------------------------------------------
                                     11 	.globl _get_word_length_PARM_2
                                     12 	.globl _get_word_value_PARM_4
                                     13 	.globl _get_word_value_PARM_3
                                     14 	.globl _get_word_value_PARM_2
                                     15 	.globl _get_word_value
                                     16 	.globl _get_word_length
                                     17 ;--------------------------------------------------------
                                     18 ; special function registers
                                     19 ;--------------------------------------------------------
                                     20 	.area RSEG    (ABS,DATA)
      000000                         21 	.org 0x0000
                                     22 ;--------------------------------------------------------
                                     23 ; special function bits
                                     24 ;--------------------------------------------------------
                                     25 	.area RSEG    (ABS,DATA)
      000000                         26 	.org 0x0000
                                     27 ;--------------------------------------------------------
                                     28 ; overlayable register banks
                                     29 ;--------------------------------------------------------
                                     30 	.area REG_BANK_0	(REL,OVR,DATA)
      000000                         31 	.ds 8
                                     32 ;--------------------------------------------------------
                                     33 ; internal ram data
                                     34 ;--------------------------------------------------------
                                     35 	.area DSEG    (DATA)
                                     36 ;--------------------------------------------------------
                                     37 ; overlayable items in internal ram
                                     38 ;--------------------------------------------------------
                                     39 	.area	OSEG    (OVR,DATA)
      000000                         40 _get_word_value_PARM_2:
      000000                         41 	.ds 2
      000002                         42 _get_word_value_PARM_3:
      000002                         43 	.ds 2
      000004                         44 _get_word_value_PARM_4:
      000004                         45 	.ds 3
      000007                         46 _get_word_value_current_index_65536_4:
      000007                         47 	.ds 2
      000009                         48 _get_word_value_part_65536_4:
      000009                         49 	.ds 2
      00000B                         50 _get_word_value_sloc0_1_0:
      00000B                         51 	.ds 3
                                     52 	.area	OSEG    (OVR,DATA)
      000000                         53 _get_word_length_PARM_2:
      000000                         54 	.ds 3
      000003                         55 _get_word_length_parts_count_65536_10:
      000003                         56 	.ds 2
      000005                         57 _get_word_length_total_65536_11:
      000005                         58 	.ds 2
                                     59 ;--------------------------------------------------------
                                     60 ; indirectly addressable internal ram data
                                     61 ;--------------------------------------------------------
                                     62 	.area ISEG    (DATA)
                                     63 ;--------------------------------------------------------
                                     64 ; absolute internal ram data
                                     65 ;--------------------------------------------------------
                                     66 	.area IABS    (ABS,DATA)
                                     67 	.area IABS    (ABS,DATA)
                                     68 ;--------------------------------------------------------
                                     69 ; bit data
                                     70 ;--------------------------------------------------------
                                     71 	.area BSEG    (BIT)
                                     72 ;--------------------------------------------------------
                                     73 ; paged external ram data
                                     74 ;--------------------------------------------------------
                                     75 	.area PSEG    (PAG,XDATA)
                                     76 ;--------------------------------------------------------
                                     77 ; external ram data
                                     78 ;--------------------------------------------------------
                                     79 	.area XSEG    (XDATA)
                                     80 ;--------------------------------------------------------
                                     81 ; absolute external ram data
                                     82 ;--------------------------------------------------------
                                     83 	.area XABS    (ABS,XDATA)
                                     84 ;--------------------------------------------------------
                                     85 ; external initialized ram data
                                     86 ;--------------------------------------------------------
                                     87 	.area XISEG   (XDATA)
                                     88 	.area HOME    (CODE)
                                     89 	.area GSINIT0 (CODE)
                                     90 	.area GSINIT1 (CODE)
                                     91 	.area GSINIT2 (CODE)
                                     92 	.area GSINIT3 (CODE)
                                     93 	.area GSINIT4 (CODE)
                                     94 	.area GSINIT5 (CODE)
                                     95 	.area GSINIT  (CODE)
                                     96 	.area GSFINAL (CODE)
                                     97 	.area CSEG    (CODE)
                                     98 ;--------------------------------------------------------
                                     99 ; global & static initialisations
                                    100 ;--------------------------------------------------------
                                    101 	.area HOME    (CODE)
                                    102 	.area GSINIT  (CODE)
                                    103 	.area GSFINAL (CODE)
                                    104 	.area GSINIT  (CODE)
                                    105 ;--------------------------------------------------------
                                    106 ; Home
                                    107 ;--------------------------------------------------------
                                    108 	.area HOME    (CODE)
                                    109 	.area HOME    (CODE)
                                    110 ;--------------------------------------------------------
                                    111 ; code
                                    112 ;--------------------------------------------------------
                                    113 	.area CSEG    (CODE)
                                    114 ;------------------------------------------------------------
                                    115 ;Allocation info for local variables in function 'get_word_value'
                                    116 ;------------------------------------------------------------
                                    117 ;word_size                 Allocated with name '_get_word_value_PARM_2'
                                    118 ;parts_count               Allocated with name '_get_word_value_PARM_3'
                                    119 ;word_parts                Allocated with name '_get_word_value_PARM_4'
                                    120 ;index                     Allocated to registers r6 r7 
                                    121 ;current_index             Allocated with name '_get_word_value_current_index_65536_4'
                                    122 ;part                      Allocated with name '_get_word_value_part_65536_4'
                                    123 ;sloc0                     Allocated with name '_get_word_value_sloc0_1_0'
                                    124 ;------------------------------------------------------------
                                    125 ;	src/word_funcs.c:5: int get_word_value(int index, int word_size, int parts_count, struct word_part* word_parts) {
                                    126 ;	-----------------------------------------
                                    127 ;	 function get_word_value
                                    128 ;	-----------------------------------------
      000000                        129 _get_word_value:
                           000007   130 	ar7 = 0x07
                           000006   131 	ar6 = 0x06
                           000005   132 	ar5 = 0x05
                           000004   133 	ar4 = 0x04
                           000003   134 	ar3 = 0x03
                           000002   135 	ar2 = 0x02
                           000001   136 	ar1 = 0x01
                           000000   137 	ar0 = 0x00
      000000 AE 82            [24]  138 	mov	r6,dpl
                                    139 ;	src/word_funcs.c:9: if (index < 0) {
      000002 E5 83            [12]  140 	mov	a,dph
      000004 FF               [12]  141 	mov	r7,a
      000005 30 E7 0C         [24]  142 	jnb	acc.7,00102$
                                    143 ;	src/word_funcs.c:10: current_index = word_size + index; 
      000008 EE               [12]  144 	mov	a,r6
      000009 25*00            [12]  145 	add	a,_get_word_value_PARM_2
      00000B F5*07            [12]  146 	mov	_get_word_value_current_index_65536_4,a
      00000D EF               [12]  147 	mov	a,r7
      00000E 35*01            [12]  148 	addc	a,(_get_word_value_PARM_2 + 1)
      000010 F5*08            [12]  149 	mov	(_get_word_value_current_index_65536_4 + 1),a
      000012 80 04            [24]  150 	sjmp	00115$
      000014                        151 00102$:
                                    152 ;	src/word_funcs.c:12: current_index = index;
      000014 8E*07            [24]  153 	mov	_get_word_value_current_index_65536_4,r6
      000016 8F*08            [24]  154 	mov	(_get_word_value_current_index_65536_4 + 1),r7
                                    155 ;	src/word_funcs.c:15: for(part = 0; part < parts_count; part++) {
      000018                        156 00115$:
      000018 E4               [12]  157 	clr	a
      000019 F5*09            [12]  158 	mov	_get_word_value_part_65536_4,a
      00001B F5*0A            [12]  159 	mov	(_get_word_value_part_65536_4 + 1),a
      00001D 7A 00            [12]  160 	mov	r2,#0x00
      00001F 7B 00            [12]  161 	mov	r3,#0x00
      000021                        162 00108$:
      000021 C3               [12]  163 	clr	c
      000022 E5*09            [12]  164 	mov	a,_get_word_value_part_65536_4
      000024 95*02            [12]  165 	subb	a,_get_word_value_PARM_3
      000026 E5*0A            [12]  166 	mov	a,(_get_word_value_part_65536_4 + 1)
      000028 64 80            [12]  167 	xrl	a,#0x80
      00002A 85*03 F0         [24]  168 	mov	b,(_get_word_value_PARM_3 + 1)
      00002D 63 F0 80         [24]  169 	xrl	b,#0x80
      000030 95 F0            [12]  170 	subb	a,b
      000032 40 03            [24]  171 	jc	00129$
      000034 02r00rBC         [24]  172 	ljmp	00106$
      000037                        173 00129$:
                                    174 ;	src/word_funcs.c:16: if(current_index < (word_parts[part]).size) {
      000037 EA               [12]  175 	mov	a,r2
      000038 25*04            [12]  176 	add	a,_get_word_value_PARM_4
      00003A F5*0B            [12]  177 	mov	_get_word_value_sloc0_1_0,a
      00003C EB               [12]  178 	mov	a,r3
      00003D 35*05            [12]  179 	addc	a,(_get_word_value_PARM_4 + 1)
      00003F F5*0C            [12]  180 	mov	(_get_word_value_sloc0_1_0 + 1),a
      000041 85*06*0D         [24]  181 	mov	(_get_word_value_sloc0_1_0 + 2),(_get_word_value_PARM_4 + 2)
      000044 74 03            [12]  182 	mov	a,#0x03
      000046 25*0B            [12]  183 	add	a,_get_word_value_sloc0_1_0
      000048 F8               [12]  184 	mov	r0,a
      000049 E4               [12]  185 	clr	a
      00004A 35*0C            [12]  186 	addc	a,(_get_word_value_sloc0_1_0 + 1)
      00004C F9               [12]  187 	mov	r1,a
      00004D AF*0D            [24]  188 	mov	r7,(_get_word_value_sloc0_1_0 + 2)
      00004F 88 82            [24]  189 	mov	dpl,r0
      000051 89 83            [24]  190 	mov	dph,r1
      000053 8F F0            [24]  191 	mov	b,r7
      000055 12r00r00         [24]  192 	lcall	__gptrget
      000058 FE               [12]  193 	mov	r6,a
      000059 A3               [24]  194 	inc	dptr
      00005A 12r00r00         [24]  195 	lcall	__gptrget
      00005D FF               [12]  196 	mov	r7,a
      00005E C3               [12]  197 	clr	c
      00005F E5*07            [12]  198 	mov	a,_get_word_value_current_index_65536_4
      000061 9E               [12]  199 	subb	a,r6
      000062 E5*08            [12]  200 	mov	a,(_get_word_value_current_index_65536_4 + 1)
      000064 64 80            [12]  201 	xrl	a,#0x80
      000066 8F F0            [24]  202 	mov	b,r7
      000068 63 F0 80         [24]  203 	xrl	b,#0x80
      00006B 95 F0            [12]  204 	subb	a,b
      00006D 50 30            [24]  205 	jnc	00105$
                                    206 ;	src/word_funcs.c:17: return word_parts[part].data_[current_index];
      00006F 85*0B 82         [24]  207 	mov	dpl,_get_word_value_sloc0_1_0
      000072 85*0C 83         [24]  208 	mov	dph,(_get_word_value_sloc0_1_0 + 1)
      000075 85*0D F0         [24]  209 	mov	b,(_get_word_value_sloc0_1_0 + 2)
      000078 12r00r00         [24]  210 	lcall	__gptrget
      00007B F8               [12]  211 	mov	r0,a
      00007C A3               [24]  212 	inc	dptr
      00007D 12r00r00         [24]  213 	lcall	__gptrget
      000080 F9               [12]  214 	mov	r1,a
      000081 A3               [24]  215 	inc	dptr
      000082 12r00r00         [24]  216 	lcall	__gptrget
      000085 FD               [12]  217 	mov	r5,a
      000086 E5*07            [12]  218 	mov	a,_get_word_value_current_index_65536_4
      000088 28               [12]  219 	add	a,r0
      000089 F8               [12]  220 	mov	r0,a
      00008A E5*08            [12]  221 	mov	a,(_get_word_value_current_index_65536_4 + 1)
      00008C 39               [12]  222 	addc	a,r1
      00008D F9               [12]  223 	mov	r1,a
      00008E 88 82            [24]  224 	mov	dpl,r0
      000090 89 83            [24]  225 	mov	dph,r1
      000092 8D F0            [24]  226 	mov	b,r5
      000094 12r00r00         [24]  227 	lcall	__gptrget
      000097 F8               [12]  228 	mov	r0,a
      000098 7D 00            [12]  229 	mov	r5,#0x00
      00009A 88 82            [24]  230 	mov	dpl,r0
      00009C 8D 83            [24]  231 	mov	dph,r5
      00009E 22               [24]  232 	ret
      00009F                        233 00105$:
                                    234 ;	src/word_funcs.c:19: current_index -= word_parts[part].size;
      00009F E5*07            [12]  235 	mov	a,_get_word_value_current_index_65536_4
      0000A1 C3               [12]  236 	clr	c
      0000A2 9E               [12]  237 	subb	a,r6
      0000A3 F5*07            [12]  238 	mov	_get_word_value_current_index_65536_4,a
      0000A5 E5*08            [12]  239 	mov	a,(_get_word_value_current_index_65536_4 + 1)
      0000A7 9F               [12]  240 	subb	a,r7
      0000A8 F5*08            [12]  241 	mov	(_get_word_value_current_index_65536_4 + 1),a
                                    242 ;	src/word_funcs.c:15: for(part = 0; part < parts_count; part++) {
      0000AA 74 05            [12]  243 	mov	a,#0x05
      0000AC 2A               [12]  244 	add	a,r2
      0000AD FA               [12]  245 	mov	r2,a
      0000AE E4               [12]  246 	clr	a
      0000AF 3B               [12]  247 	addc	a,r3
      0000B0 FB               [12]  248 	mov	r3,a
      0000B1 05*09            [12]  249 	inc	_get_word_value_part_65536_4
      0000B3 E4               [12]  250 	clr	a
      0000B4 B5*09 02         [24]  251 	cjne	a,_get_word_value_part_65536_4,00131$
      0000B7 05*0A            [12]  252 	inc	(_get_word_value_part_65536_4 + 1)
      0000B9                        253 00131$:
      0000B9 02r00r21         [24]  254 	ljmp	00108$
      0000BC                        255 00106$:
                                    256 ;	src/word_funcs.c:22: return 0;
      0000BC 90 00 00         [24]  257 	mov	dptr,#0x0000
                                    258 ;	src/word_funcs.c:23: }
      0000BF 22               [24]  259 	ret
                                    260 ;------------------------------------------------------------
                                    261 ;Allocation info for local variables in function 'get_word_length'
                                    262 ;------------------------------------------------------------
                                    263 ;word_parts                Allocated with name '_get_word_length_PARM_2'
                                    264 ;parts_count               Allocated with name '_get_word_length_parts_count_65536_10'
                                    265 ;total                     Allocated with name '_get_word_length_total_65536_11'
                                    266 ;part                      Allocated to registers r2 r3 
                                    267 ;------------------------------------------------------------
                                    268 ;	src/word_funcs.c:26: int get_word_length(int parts_count, struct word_part* word_parts) {
                                    269 ;	-----------------------------------------
                                    270 ;	 function get_word_length
                                    271 ;	-----------------------------------------
      0000C0                        272 _get_word_length:
      0000C0 85 82*03         [24]  273 	mov	_get_word_length_parts_count_65536_10,dpl
      0000C3 85 83*04         [24]  274 	mov	(_get_word_length_parts_count_65536_10 + 1),dph
                                    275 ;	src/word_funcs.c:27: int total = 0;
      0000C6 E4               [12]  276 	clr	a
      0000C7 F5*05            [12]  277 	mov	_get_word_length_total_65536_11,a
      0000C9 F5*06            [12]  278 	mov	(_get_word_length_total_65536_11 + 1),a
                                    279 ;	src/word_funcs.c:29: for(part = 0; part < parts_count; part++) {
      0000CB 7A 00            [12]  280 	mov	r2,#0x00
      0000CD 7B 00            [12]  281 	mov	r3,#0x00
      0000CF 78 00            [12]  282 	mov	r0,#0x00
      0000D1 79 00            [12]  283 	mov	r1,#0x00
      0000D3                        284 00103$:
      0000D3 C3               [12]  285 	clr	c
      0000D4 EA               [12]  286 	mov	a,r2
      0000D5 95*03            [12]  287 	subb	a,_get_word_length_parts_count_65536_10
      0000D7 EB               [12]  288 	mov	a,r3
      0000D8 64 80            [12]  289 	xrl	a,#0x80
      0000DA 85*04 F0         [24]  290 	mov	b,(_get_word_length_parts_count_65536_10 + 1)
      0000DD 63 F0 80         [24]  291 	xrl	b,#0x80
      0000E0 95 F0            [12]  292 	subb	a,b
      0000E2 50 38            [24]  293 	jnc	00101$
                                    294 ;	src/word_funcs.c:30: total += word_parts[part].size;
      0000E4 E8               [12]  295 	mov	a,r0
      0000E5 25*00            [12]  296 	add	a,_get_word_length_PARM_2
      0000E7 FE               [12]  297 	mov	r6,a
      0000E8 E9               [12]  298 	mov	a,r1
      0000E9 35*01            [12]  299 	addc	a,(_get_word_length_PARM_2 + 1)
      0000EB FD               [12]  300 	mov	r5,a
      0000EC AF*02            [24]  301 	mov	r7,(_get_word_length_PARM_2 + 2)
      0000EE 74 03            [12]  302 	mov	a,#0x03
      0000F0 2E               [12]  303 	add	a,r6
      0000F1 FE               [12]  304 	mov	r6,a
      0000F2 E4               [12]  305 	clr	a
      0000F3 3D               [12]  306 	addc	a,r5
      0000F4 FD               [12]  307 	mov	r5,a
      0000F5 8E 82            [24]  308 	mov	dpl,r6
      0000F7 8D 83            [24]  309 	mov	dph,r5
      0000F9 8F F0            [24]  310 	mov	b,r7
      0000FB 12r00r00         [24]  311 	lcall	__gptrget
      0000FE FE               [12]  312 	mov	r6,a
      0000FF A3               [24]  313 	inc	dptr
      000100 12r00r00         [24]  314 	lcall	__gptrget
      000103 FD               [12]  315 	mov	r5,a
      000104 EE               [12]  316 	mov	a,r6
      000105 25*05            [12]  317 	add	a,_get_word_length_total_65536_11
      000107 F5*05            [12]  318 	mov	_get_word_length_total_65536_11,a
      000109 ED               [12]  319 	mov	a,r5
      00010A 35*06            [12]  320 	addc	a,(_get_word_length_total_65536_11 + 1)
      00010C F5*06            [12]  321 	mov	(_get_word_length_total_65536_11 + 1),a
                                    322 ;	src/word_funcs.c:29: for(part = 0; part < parts_count; part++) {
      00010E 74 05            [12]  323 	mov	a,#0x05
      000110 28               [12]  324 	add	a,r0
      000111 F8               [12]  325 	mov	r0,a
      000112 E4               [12]  326 	clr	a
      000113 39               [12]  327 	addc	a,r1
      000114 F9               [12]  328 	mov	r1,a
      000115 0A               [12]  329 	inc	r2
      000116 BA 00 BA         [24]  330 	cjne	r2,#0x00,00103$
      000119 0B               [12]  331 	inc	r3
      00011A 80 B7            [24]  332 	sjmp	00103$
      00011C                        333 00101$:
                                    334 ;	src/word_funcs.c:32: return total;
      00011C 85*05 82         [24]  335 	mov	dpl,_get_word_length_total_65536_11
      00011F 85*06 83         [24]  336 	mov	dph,(_get_word_length_total_65536_11 + 1)
                                    337 ;	src/word_funcs.c:33: }
      000122 22               [24]  338 	ret
                                    339 	.area CSEG    (CODE)
                                    340 	.area CONST   (CODE)
                                    341 	.area XINIT   (CODE)
                                    342 	.area CABS    (ABS,CODE)
